{"C:\\Users\\franc\\Documents\\GitHub\\Software_Architecture_Design_2022\\server\\authService\\DAO.js": {"path":"C:\\Users\\franc\\Documents\\GitHub\\Software_Architecture_Design_2022\\server\\authService\\DAO.js","statementMap":{"0":{"start":{"line":1,"column":13},"end":{"line":1,"column":28}},"1":{"start":{"line":2,"column":12},"end":{"line":2,"column":37}},"2":{"start":{"line":6,"column":8},"end":{"line":16,"column":9}},"3":{"start":{"line":7,"column":29},"end":{"line":12,"column":14}},"4":{"start":{"line":13,"column":12},"end":{"line":13,"column":30}},"5":{"start":{"line":15,"column":12},"end":{"line":15,"column":29}},"6":{"start":{"line":20,"column":8},"end":{"line":27,"column":9}},"7":{"start":{"line":21,"column":29},"end":{"line":21,"column":49}},"8":{"start":{"line":22,"column":12},"end":{"line":22,"column":187}},"9":{"start":{"line":23,"column":12},"end":{"line":23,"column":24}},"10":{"start":{"line":25,"column":12},"end":{"line":25,"column":29}},"11":{"start":{"line":26,"column":12},"end":{"line":26,"column":25}},"12":{"start":{"line":33,"column":8},"end":{"line":39,"column":9}},"13":{"start":{"line":34,"column":29},"end":{"line":34,"column":49}},"14":{"start":{"line":35,"column":12},"end":{"line":35,"column":91}},"15":{"start":{"line":36,"column":12},"end":{"line":36,"column":24}},"16":{"start":{"line":38,"column":12},"end":{"line":38,"column":25}},"17":{"start":{"line":43,"column":8},"end":{"line":60,"column":9}},"18":{"start":{"line":44,"column":29},"end":{"line":44,"column":49}},"19":{"start":{"line":45,"column":25},"end":{"line":45,"column":127}},"20":{"start":{"line":46,"column":12},"end":{"line":46,"column":30}},"21":{"start":{"line":47,"column":12},"end":{"line":56,"column":13}},"22":{"start":{"line":48,"column":16},"end":{"line":53,"column":17}},"23":{"start":{"line":49,"column":20},"end":{"line":49,"column":137}},"24":{"start":{"line":50,"column":20},"end":{"line":50,"column":110}},"25":{"start":{"line":52,"column":20},"end":{"line":52,"column":71}},"26":{"start":{"line":55,"column":16},"end":{"line":55,"column":65}},"27":{"start":{"line":58,"column":12},"end":{"line":58,"column":29}},"28":{"start":{"line":59,"column":12},"end":{"line":59,"column":31}},"29":{"start":{"line":65,"column":8},"end":{"line":78,"column":9}},"30":{"start":{"line":66,"column":29},"end":{"line":66,"column":49}},"31":{"start":{"line":67,"column":25},"end":{"line":67,"column":109}},"32":{"start":{"line":68,"column":12},"end":{"line":68,"column":30}},"33":{"start":{"line":69,"column":12},"end":{"line":74,"column":13}},"34":{"start":{"line":70,"column":16},"end":{"line":70,"column":111}},"35":{"start":{"line":71,"column":16},"end":{"line":71,"column":28}},"36":{"start":{"line":73,"column":16},"end":{"line":73,"column":29}},"37":{"start":{"line":76,"column":12},"end":{"line":76,"column":29}},"38":{"start":{"line":77,"column":12},"end":{"line":77,"column":25}},"39":{"start":{"line":84,"column":8},"end":{"line":95,"column":9}},"40":{"start":{"line":85,"column":29},"end":{"line":85,"column":49}},"41":{"start":{"line":86,"column":25},"end":{"line":86,"column":109}},"42":{"start":{"line":87,"column":12},"end":{"line":87,"column":30}},"43":{"start":{"line":88,"column":12},"end":{"line":92,"column":13}},"44":{"start":{"line":89,"column":16},"end":{"line":89,"column":28}},"45":{"start":{"line":91,"column":16},"end":{"line":91,"column":29}},"46":{"start":{"line":94,"column":12},"end":{"line":94,"column":29}},"47":{"start":{"line":100,"column":0},"end":{"line":100,"column":20}}},"fnMap":{"0":{"name":"(anonymous_0)","decl":{"start":{"line":5,"column":4},"end":{"line":5,"column":5}},"loc":{"start":{"line":5,"column":19},"end":{"line":17,"column":5}},"line":5},"1":{"name":"(anonymous_1)","decl":{"start":{"line":19,"column":4},"end":{"line":19,"column":5}},"loc":{"start":{"line":19,"column":68},"end":{"line":28,"column":5}},"line":19},"2":{"name":"(anonymous_2)","decl":{"start":{"line":32,"column":4},"end":{"line":32,"column":5}},"loc":{"start":{"line":32,"column":31},"end":{"line":40,"column":5}},"line":32},"3":{"name":"(anonymous_3)","decl":{"start":{"line":42,"column":4},"end":{"line":42,"column":5}},"loc":{"start":{"line":42,"column":42},"end":{"line":61,"column":5}},"line":42},"4":{"name":"(anonymous_4)","decl":{"start":{"line":64,"column":4},"end":{"line":64,"column":5}},"loc":{"start":{"line":64,"column":27},"end":{"line":79,"column":5}},"line":64},"5":{"name":"(anonymous_5)","decl":{"start":{"line":83,"column":4},"end":{"line":83,"column":5}},"loc":{"start":{"line":83,"column":31},"end":{"line":96,"column":5}},"line":83}},"branchMap":{"0":{"loc":{"start":{"line":47,"column":12},"end":{"line":56,"column":13}},"type":"if","locations":[{"start":{"line":47,"column":12},"end":{"line":56,"column":13}},{"start":{"line":54,"column":17},"end":{"line":56,"column":13}}],"line":47},"1":{"loc":{"start":{"line":48,"column":16},"end":{"line":53,"column":17}},"type":"if","locations":[{"start":{"line":48,"column":16},"end":{"line":53,"column":17}},{"start":{"line":51,"column":21},"end":{"line":53,"column":17}}],"line":48},"2":{"loc":{"start":{"line":69,"column":12},"end":{"line":74,"column":13}},"type":"if","locations":[{"start":{"line":69,"column":12},"end":{"line":74,"column":13}},{"start":{"line":72,"column":17},"end":{"line":74,"column":13}}],"line":69},"3":{"loc":{"start":{"line":88,"column":12},"end":{"line":92,"column":13}},"type":"if","locations":[{"start":{"line":88,"column":12},"end":{"line":92,"column":13}},{"start":{"line":90,"column":17},"end":{"line":92,"column":13}}],"line":88}},"s":{"0":1,"1":1,"2":10,"3":10,"4":10,"5":0,"6":3,"7":3,"8":3,"9":0,"10":3,"11":3,"12":1,"13":1,"14":1,"15":1,"16":0,"17":3,"18":3,"19":3,"20":3,"21":3,"22":2,"23":2,"24":2,"25":0,"26":1,"27":0,"28":0,"29":1,"30":1,"31":1,"32":1,"33":1,"34":0,"35":0,"36":1,"37":0,"38":0,"39":2,"40":2,"41":2,"42":2,"43":2,"44":0,"45":2,"46":0,"47":1},"f":{"0":10,"1":3,"2":1,"3":3,"4":1,"5":2},"b":{"0":[2,1],"1":[2,0],"2":[0,1],"3":[0,2]},"_coverageSchema":"1a1c01bbd47fc00a2c39e90264f33305004495a9","hash":"4dbef28ce53c957239f1b6e27100dd32f03f5e00"}
,"C:\\Users\\franc\\Documents\\GitHub\\Software_Architecture_Design_2022\\server\\authService\\HTTPinterface.js": {"path":"C:\\Users\\franc\\Documents\\GitHub\\Software_Architecture_Design_2022\\server\\authService\\HTTPinterface.js","statementMap":{"0":{"start":{"line":1,"column":16},"end":{"line":1,"column":34}},"1":{"start":{"line":2,"column":13},"end":{"line":2,"column":28}},"2":{"start":{"line":3,"column":13},"end":{"line":3,"column":28}},"3":{"start":{"line":4,"column":19},"end":{"line":4,"column":41}},"4":{"start":{"line":6,"column":26},"end":{"line":6,"column":59}},"5":{"start":{"line":10,"column":8},"end":{"line":10,"column":29}},"6":{"start":{"line":11,"column":8},"end":{"line":11,"column":50}},"7":{"start":{"line":13,"column":8},"end":{"line":13,"column":49}},"8":{"start":{"line":14,"column":8},"end":{"line":14,"column":26}},"9":{"start":{"line":16,"column":8},"end":{"line":16,"column":25}},"10":{"start":{"line":24,"column":8},"end":{"line":24,"column":64}},"11":{"start":{"line":25,"column":8},"end":{"line":25,"column":40}},"12":{"start":{"line":26,"column":8},"end":{"line":26,"column":39}},"13":{"start":{"line":27,"column":8},"end":{"line":27,"column":42}},"14":{"start":{"line":29,"column":8},"end":{"line":29,"column":83}},"15":{"start":{"line":30,"column":8},"end":{"line":30,"column":77}},"16":{"start":{"line":31,"column":8},"end":{"line":31,"column":79}},"17":{"start":{"line":32,"column":8},"end":{"line":32,"column":87}},"18":{"start":{"line":34,"column":8},"end":{"line":34,"column":83}},"19":{"start":{"line":39,"column":0},"end":{"line":39,"column":31}},"20":{"start":{"line":42,"column":22},"end":{"line":42,"column":41}}},"fnMap":{"0":{"name":"(anonymous_0)","decl":{"start":{"line":9,"column":4},"end":{"line":9,"column":5}},"loc":{"start":{"line":9,"column":17},"end":{"line":21,"column":5}},"line":9},"1":{"name":"(anonymous_1)","decl":{"start":{"line":23,"column":4},"end":{"line":23,"column":5}},"loc":{"start":{"line":23,"column":16},"end":{"line":35,"column":5}},"line":23}},"branchMap":{},"s":{"0":1,"1":1,"2":1,"3":1,"4":1,"5":2,"6":2,"7":2,"8":2,"9":2,"10":2,"11":2,"12":2,"13":2,"14":2,"15":2,"16":2,"17":2,"18":2,"19":1,"20":1},"f":{"0":2,"1":2},"b":{},"_coverageSchema":"1a1c01bbd47fc00a2c39e90264f33305004495a9","hash":"d773c74c4d29f3caac5a7c39c3c87c8f458992ac"}
,"C:\\Users\\franc\\Documents\\GitHub\\Software_Architecture_Design_2022\\server\\authService\\requestController.js": {"path":"C:\\Users\\franc\\Documents\\GitHub\\Software_Architecture_Design_2022\\server\\authService\\requestController.js","statementMap":{"0":{"start":{"line":1,"column":12},"end":{"line":1,"column":31}},"1":{"start":{"line":2,"column":13},"end":{"line":2,"column":28}},"2":{"start":{"line":3,"column":17},"end":{"line":3,"column":38}},"3":{"start":{"line":5,"column":17},"end":{"line":5,"column":31}},"4":{"start":{"line":6,"column":19},"end":{"line":6,"column":25}},"5":{"start":{"line":12,"column":8},"end":{"line":12,"column":29}},"6":{"start":{"line":16,"column":8},"end":{"line":16,"column":65}},"7":{"start":{"line":17,"column":20},"end":{"line":17,"column":29}},"8":{"start":{"line":18,"column":21},"end":{"line":18,"column":86}},"9":{"start":{"line":19,"column":8},"end":{"line":19,"column":39}},"10":{"start":{"line":23,"column":8},"end":{"line":23,"column":66}},"11":{"start":{"line":24,"column":19},"end":{"line":24,"column":68}},"12":{"start":{"line":25,"column":8},"end":{"line":25,"column":42}},"13":{"start":{"line":29,"column":8},"end":{"line":29,"column":68}},"14":{"start":{"line":30,"column":17},"end":{"line":30,"column":26}},"15":{"start":{"line":31,"column":19},"end":{"line":31,"column":134}},"16":{"start":{"line":32,"column":8},"end":{"line":32,"column":49}},"17":{"start":{"line":33,"column":8},"end":{"line":35,"column":9}},"18":{"start":{"line":34,"column":12},"end":{"line":34,"column":47}},"19":{"start":{"line":39,"column":8},"end":{"line":39,"column":71}},"20":{"start":{"line":40,"column":19},"end":{"line":40,"column":72}},"21":{"start":{"line":41,"column":8},"end":{"line":41,"column":42}},"22":{"start":{"line":46,"column":26},"end":{"line":53,"column":10}},"23":{"start":{"line":55,"column":26},"end":{"line":62,"column":9}},"24":{"start":{"line":64,"column":8},"end":{"line":64,"column":42}},"25":{"start":{"line":68,"column":8},"end":{"line":68,"column":71}},"26":{"start":{"line":69,"column":19},"end":{"line":69,"column":61}},"27":{"start":{"line":70,"column":8},"end":{"line":74,"column":9}},"28":{"start":{"line":71,"column":12},"end":{"line":71,"column":48}},"29":{"start":{"line":73,"column":12},"end":{"line":73,"column":49}},"30":{"start":{"line":78,"column":0},"end":{"line":78,"column":35}}},"fnMap":{"0":{"name":"(anonymous_0)","decl":{"start":{"line":11,"column":4},"end":{"line":11,"column":5}},"loc":{"start":{"line":11,"column":17},"end":{"line":13,"column":5}},"line":11},"1":{"name":"(anonymous_1)","decl":{"start":{"line":15,"column":4},"end":{"line":15,"column":5}},"loc":{"start":{"line":15,"column":25},"end":{"line":20,"column":5}},"line":15},"2":{"name":"(anonymous_2)","decl":{"start":{"line":22,"column":4},"end":{"line":22,"column":5}},"loc":{"start":{"line":22,"column":26},"end":{"line":26,"column":5}},"line":22},"3":{"name":"(anonymous_3)","decl":{"start":{"line":28,"column":4},"end":{"line":28,"column":5}},"loc":{"start":{"line":28,"column":28},"end":{"line":36,"column":5}},"line":28},"4":{"name":"(anonymous_4)","decl":{"start":{"line":38,"column":4},"end":{"line":38,"column":5}},"loc":{"start":{"line":38,"column":30},"end":{"line":42,"column":5}},"line":38},"5":{"name":"(anonymous_5)","decl":{"start":{"line":44,"column":4},"end":{"line":44,"column":5}},"loc":{"start":{"line":44,"column":30},"end":{"line":65,"column":5}},"line":44},"6":{"name":"(anonymous_6)","decl":{"start":{"line":67,"column":4},"end":{"line":67,"column":5}},"loc":{"start":{"line":67,"column":28},"end":{"line":75,"column":5}},"line":67}},"branchMap":{"0":{"loc":{"start":{"line":33,"column":8},"end":{"line":35,"column":9}},"type":"if","locations":[{"start":{"line":33,"column":8},"end":{"line":35,"column":9}},{"start":{},"end":{}}],"line":33},"1":{"loc":{"start":{"line":70,"column":8},"end":{"line":74,"column":9}},"type":"if","locations":[{"start":{"line":70,"column":8},"end":{"line":74,"column":9}},{"start":{"line":72,"column":15},"end":{"line":74,"column":9}}],"line":70}},"s":{"0":1,"1":1,"2":1,"3":1,"4":1,"5":2,"6":3,"7":3,"8":3,"9":3,"10":1,"11":1,"12":1,"13":3,"14":3,"15":3,"16":3,"17":3,"18":0,"19":2,"20":2,"21":2,"22":0,"23":0,"24":0,"25":1,"26":1,"27":1,"28":1,"29":0,"30":1},"f":{"0":2,"1":3,"2":1,"3":3,"4":2,"5":0,"6":1},"b":{"0":[0,3],"1":[1,0]},"_coverageSchema":"1a1c01bbd47fc00a2c39e90264f33305004495a9","hash":"78e5574abfd664f3f2fc5962b644568418ae9601"}
}
