TN:
SF:DAO.js
FN:5,(anonymous_0)
FN:19,(anonymous_1)
FN:32,(anonymous_2)
FN:42,(anonymous_3)
FN:64,(anonymous_4)
FN:83,(anonymous_5)
FNF:6
FNH:6
FNDA:10,(anonymous_0)
FNDA:3,(anonymous_1)
FNDA:1,(anonymous_2)
FNDA:3,(anonymous_3)
FNDA:1,(anonymous_4)
FNDA:2,(anonymous_5)
DA:1,1
DA:2,1
DA:6,10
DA:7,10
DA:13,10
DA:15,0
DA:20,3
DA:21,3
DA:22,3
DA:23,0
DA:25,3
DA:26,3
DA:33,1
DA:34,1
DA:35,1
DA:36,1
DA:38,0
DA:43,3
DA:44,3
DA:45,3
DA:46,3
DA:47,3
DA:48,2
DA:49,2
DA:50,2
DA:52,0
DA:55,1
DA:58,0
DA:59,0
DA:65,1
DA:66,1
DA:67,1
DA:68,1
DA:69,1
DA:70,0
DA:71,0
DA:73,1
DA:76,0
DA:77,0
DA:84,2
DA:85,2
DA:86,2
DA:87,2
DA:88,2
DA:89,0
DA:91,2
DA:94,0
DA:100,1
LF:48
LH:36
BRDA:47,0,0,2
BRDA:47,0,1,1
BRDA:48,1,0,2
BRDA:48,1,1,0
BRDA:69,2,0,0
BRDA:69,2,1,1
BRDA:88,3,0,0
BRDA:88,3,1,2
BRF:8
BRH:5
end_of_record
TN:
SF:HTTPinterface.js
FN:9,(anonymous_0)
FN:23,(anonymous_1)
FNF:2
FNH:2
FNDA:2,(anonymous_0)
FNDA:2,(anonymous_1)
DA:1,1
DA:2,1
DA:3,1
DA:4,1
DA:6,1
DA:10,2
DA:11,2
DA:13,2
DA:14,2
DA:16,2
DA:24,2
DA:25,2
DA:26,2
DA:27,2
DA:29,2
DA:30,2
DA:31,2
DA:32,2
DA:34,2
DA:39,1
DA:42,1
LF:21
LH:21
BRF:0
BRH:0
end_of_record
TN:
SF:requestController.js
FN:11,(anonymous_0)
FN:15,(anonymous_1)
FN:22,(anonymous_2)
FN:28,(anonymous_3)
FN:38,(anonymous_4)
FN:44,(anonymous_5)
FN:67,(anonymous_6)
FNF:7
FNH:6
FNDA:2,(anonymous_0)
FNDA:3,(anonymous_1)
FNDA:1,(anonymous_2)
FNDA:3,(anonymous_3)
FNDA:2,(anonymous_4)
FNDA:0,(anonymous_5)
FNDA:1,(anonymous_6)
DA:1,1
DA:2,1
DA:3,1
DA:5,1
DA:6,1
DA:12,2
DA:16,3
DA:17,3
DA:18,3
DA:19,3
DA:23,1
DA:24,1
DA:25,1
DA:29,3
DA:30,3
DA:31,3
DA:32,3
DA:33,3
DA:34,0
DA:39,2
DA:40,2
DA:41,2
DA:46,0
DA:55,0
DA:64,0
DA:68,1
DA:69,1
DA:70,1
DA:71,1
DA:73,0
DA:78,1
LF:31
LH:26
BRDA:33,0,0,0
BRDA:33,0,1,3
BRDA:70,1,0,1
BRDA:70,1,1,0
BRF:4
BRH:2
end_of_record
